# JRE version: OpenJDK Runtime Environment Corretto-17.0.7.7.1 (17.0.7+7) (build 17.0.7+7-LTS)
# Java VM: OpenJDK 64-Bit Server VM Corretto-17.0.7.7.1 (17.0.7+7-LTS, mixed mode, emulated-client, sharing, tiered, compressed oops, compressed class ptrs, g1 gc, bsd-amd64)
GC Precious Log:
 CPUs: 12 total, 12 available
 Memory: 32768M
 Large Page Support: Disabled
 NUMA Support: Disabled
 Compressed Oops: Enabled (Zero based)
 Heap Region Size: 4M
 Heap Min Capacity: 8M
 Heap Initial Capacity: 512M
 Heap Max Capacity: 8G
 Pre-touch: Disabled
 Parallel Workers: 10
 Concurrent Workers: 3
 Concurrent Refinement Workers: 10
 Periodic GC: Disabled
Heap:
 garbage-first heap   total 122880K, used 47053K [0x0000000600000000, 0x0000000800000000)
  region size 4096K, 6 young (24576K), 2 survivors (8192K)
 Metaspace       used 70902K, committed 71488K, reserved 1114112K
  class space    used 10057K, committed 10304K, reserved 1048576K
GC Heap History (20 events):
Event: 4.257 GC heap before
{Heap before GC invocations=8 (full 0):
 garbage-first heap   total 311296K, used 121718K [0x0000000600000000, 0x0000000800000000)
  region size 4096K, 27 young (110592K), 1 survivors (4096K)
 Metaspace       used 35508K, committed 35968K, reserved 1114112K
  class space    used 4751K, committed 4992K, reserved 1048576K
}
Event: 4.264 GC heap after
{Heap after GC invocations=9 (full 0):
 garbage-first heap   total 311296K, used 23450K [0x0000000600000000, 0x0000000800000000)
  region size 4096K, 2 young (8192K), 2 survivors (8192K)
 Metaspace       used 35508K, committed 35968K, reserved 1114112K
  class space    used 4751K, committed 4992K, reserved 1048576K
}
Event: 4.940 GC heap before
{Heap before GC invocations=10 (full 0):
 garbage-first heap   total 122880K, used 88986K [0x0000000600000000, 0x0000000800000000)
  region size 4096K, 18 young (73728K), 2 survivors (8192K)
 Metaspace       used 41428K, committed 41920K, reserved 1114112K
  class space    used 5605K, committed 5824K, reserved 1048576K
}
Event: 4.947 GC heap after
{Heap after GC invocations=11 (full 0):
 garbage-first heap   total 122880K, used 24840K [0x0000000600000000, 0x0000000800000000)
  region size 4096K, 2 young (8192K), 2 survivors (8192K)
 Metaspace       used 41428K, committed 41920K, reserved 1114112K
  class space    used 5605K, committed 5824K, reserved 1048576K
}
Event: 4.988 GC heap before
{Heap before GC invocations=11 (full 0):
 garbage-first heap   total 122880K, used 28936K [0x0000000600000000, 0x0000000800000000)
  region size 4096K, 3 young (12288K), 2 survivors (8192K)
 Metaspace       used 41824K, committed 42304K, reserved 1114112K
  class space    used 5663K, committed 5888K, reserved 1048576K
}
Event: 4.996 GC heap after
{Heap after GC invocations=12 (full 0):
 garbage-first heap   total 122880K, used 25006K [0x0000000600000000, 0x0000000800000000)
  region size 4096K, 1 young (4096K), 1 survivors (4096K)
 Metaspace       used 41824K, committed 42304K, reserved 1114112K
  class space    used 5663K, committed 5888K, reserved 1048576K
}
Event: 5.546 GC heap before
{Heap before GC invocations=12 (full 0):
 garbage-first heap   total 122880K, used 90542K [0x0000000600000000, 0x0000000800000000)
  region size 4096K, 17 young (69632K), 1 survivors (4096K)
 Metaspace       used 47651K, committed 48064K, reserved 1114112K
  class space    used 6543K, committed 6720K, reserved 1048576K
}
Event: 5.549 GC heap after
{Heap after GC invocations=13 (full 0):
 garbage-first heap   total 122880K, used 26126K [0x0000000600000000, 0x0000000800000000)
  region size 4096K, 1 young (4096K), 1 survivors (4096K)
 Metaspace       used 47651K, committed 48064K, reserved 1114112K
  class space    used 6543K, committed 6720K, reserved 1048576K
}
Event: 6.179 GC heap before
{Heap before GC invocations=13 (full 0):
 garbage-first heap   total 122880K, used 95758K [0x0000000600000000, 0x0000000800000000)
  region size 4096K, 18 young (73728K), 1 survivors (4096K)
 Metaspace       used 54869K, committed 55424K, reserved 1114112K
  class space    used 7761K, committed 8064K, reserved 1048576K
}
Event: 6.184 GC heap after
{Heap after GC invocations=14 (full 0):
 garbage-first heap   total 122880K, used 28048K [0x0000000600000000, 0x0000000800000000)
  region size 4096K, 2 young (8192K), 2 survivors (8192K)
 Metaspace       used 54869K, committed 55424K, reserved 1114112K
  class space    used 7761K, committed 8064K, reserved 1048576K
}
Event: 6.683 GC heap before
{Heap before GC invocations=14 (full 0):
 garbage-first heap   total 122880K, used 77200K [0x0000000600000000, 0x0000000800000000)
  region size 4096K, 15 young (61440K), 2 survivors (8192K)
 Metaspace       used 59755K, committed 60288K, reserved 1114112K
  class space    used 8392K, committed 8640K, reserved 1048576K
}
Event: 6.689 GC heap after
{Heap after GC invocations=15 (full 0):
 garbage-first heap   total 122880K, used 28721K [0x0000000600000000, 0x0000000800000000)
  region size 4096K, 2 young (8192K), 2 survivors (8192K)
 Metaspace       used 59755K, committed 60288K, reserved 1114112K
  class space    used 8392K, committed 8640K, reserved 1048576K
}
Event: 7.428 GC heap before
{Heap before GC invocations=16 (full 0):
 garbage-first heap   total 122880K, used 94257K [0x0000000600000000, 0x0000000800000000)
  region size 4096K, 18 young (73728K), 2 survivors (8192K)
 Metaspace       used 64176K, committed 64704K, reserved 1114112K
  class space    used 9075K, committed 9344K, reserved 1048576K
}
Event: 7.435 GC heap after
{Heap after GC invocations=17 (full 0):
 garbage-first heap   total 122880K, used 31985K [0x0000000600000000, 0x0000000800000000)
  region size 4096K, 3 young (12288K), 3 survivors (12288K)
 Metaspace       used 64176K, committed 64704K, reserved 1114112K
  class space    used 9075K, committed 9344K, reserved 1048576K
}
Event: 17.102 GC heap before
{Heap before GC invocations=17 (full 0):
 garbage-first heap   total 122880K, used 85233K [0x0000000600000000, 0x0000000800000000)
  region size 4096K, 17 young (69632K), 3 survivors (12288K)
 Metaspace       used 69260K, committed 69824K, reserved 1114112K
  class space    used 9829K, committed 10112K, reserved 1048576K
}
Event: 17.115 GC heap after
{Heap after GC invocations=18 (full 0):
 garbage-first heap   total 122880K, used 33840K [0x0000000600000000, 0x0000000800000000)
  region size 4096K, 3 young (12288K), 3 survivors (12288K)
 Metaspace       used 69260K, committed 69824K, reserved 1114112K
  class space    used 9829K, committed 10112K, reserved 1048576K
}
Event: 190.237 GC heap before
{Heap before GC invocations=18 (full 0):
 garbage-first heap   total 122880K, used 50224K [0x0000000600000000, 0x0000000800000000)
  region size 4096K, 8 young (32768K), 3 survivors (12288K)
 Metaspace       used 70633K, committed 71296K, reserved 1114112K
  class space    used 10027K, committed 10304K, reserved 1048576K
}
Event: 190.350 GC heap after
{Heap after GC invocations=19 (full 1):
 garbage-first heap   total 122880K, used 28979K [0x0000000600000000, 0x0000000800000000)
  region size 4096K, 0 young (0K), 0 survivors (0K)
 Metaspace       used 70633K, committed 71296K, reserved 1114112K
  class space    used 10027K, committed 10304K, reserved 1048576K
}
Event: 191.257 GC heap before
{Heap before GC invocations=19 (full 1):
 garbage-first heap   total 122880K, used 86323K [0x0000000600000000, 0x0000000800000000)
  region size 4096K, 15 young (61440K), 0 survivors (0K)
 Metaspace       used 70887K, committed 71488K, reserved 1114112K
  class space    used 10055K, committed 10304K, reserved 1048576K
}
Event: 191.262 GC heap after
{Heap after GC invocations=20 (full 1):
 garbage-first heap   total 122880K, used 34765K [0x0000000600000000, 0x0000000800000000)
  region size 4096K, 2 young (8192K), 2 survivors (8192K)
 Metaspace       used 70887K, committed 71488K, reserved 1114112K
  class space    used 10055K, committed 10304K, reserved 1048576K
}

